<?xml version="1.0" encoding="UTF-8"?>
<coverage generated="1710040363756" clover="3.2.0">
  <project timestamp="1710040363756" name="All files">
    <metrics statements="11" coveredstatements="1" conditionals="20" coveredconditionals="0" methods="11" coveredmethods="1" elements="42" coveredelements="2" complexity="0" loc="11" ncloc="11" packages="2" files="4" classes="4"/>
    <package name="production.assets">
      <metrics statements="2" coveredstatements="0" conditionals="20" coveredconditionals="0" methods="7" coveredmethods="0"/>
      <file name="index-Bd-pKGJy.js" path="/home/mhmmdnrdn/DEVELOPER/WEB/vite-webtools/vitest/production/assets/index-Bd-pKGJy.js">
        <metrics statements="2" coveredstatements="0" conditionals="20" coveredconditionals="0" methods="7" coveredmethods="0"/>
        <line num="1" count="0" type="cond" truecount="0" falsecount="20"/>
        <line num="17" count="0" type="stmt"/>
      </file>
    </package>
    <package name="src">
      <metrics statements="9" coveredstatements="1" conditionals="0" coveredconditionals="0" methods="4" coveredmethods="1"/>
      <file name="counter.ts" path="/home/mhmmdnrdn/DEVELOPER/WEB/vite-webtools/vitest/src/counter.ts">
        <metrics statements="6" coveredstatements="0" conditionals="0" coveredconditionals="0" methods="3" coveredmethods="0"/>
        <line num="2" count="0" type="stmt"/>
        <line num="3" count="0" type="stmt"/>
        <line num="4" count="0" type="stmt"/>
        <line num="5" count="0" type="stmt"/>
        <line num="7" count="0" type="stmt"/>
        <line num="8" count="0" type="stmt"/>
      </file>
      <file name="main.ts" path="/home/mhmmdnrdn/DEVELOPER/WEB/vite-webtools/vitest/src/main.ts">
        <metrics statements="2" coveredstatements="0" conditionals="0" coveredconditionals="0" methods="0" coveredmethods="0"/>
        <line num="6" count="0" type="stmt"/>
        <line num="24" count="0" type="stmt"/>
      </file>
      <file name="say-hello.ts" path="/home/mhmmdnrdn/DEVELOPER/WEB/vite-webtools/vitest/src/say-hello.ts">
        <metrics statements="1" coveredstatements="1" conditionals="0" coveredconditionals="0" methods="1" coveredmethods="1"/>
        <line num="2" count="1" type="stmt"/>
      </file>
    </package>
  </project>
</coverage>
