{"/home/mhmmdnrdn/DEVELOPER/WEB/vite-webtools/vitest/production/assets/index-Bd-pKGJy.js": {"path":"/home/mhmmdnrdn/DEVELOPER/WEB/vite-webtools/vitest/production/assets/index-Bd-pKGJy.js","statementMap":{"0":{"start":{"line":1,"column":0},"end":{"line":1,"column":710}},"1":{"start":{"line":1,"column":20},"end":{"line":1,"column":58}},"2":{"start":{"line":1,"column":59},"end":{"line":1,"column":112}},"3":{"start":{"line":1,"column":105},"end":{"line":1,"column":112}},"4":{"start":{"line":1,"column":112},"end":{"line":1,"column":187}},"5":{"start":{"line":1,"column":182},"end":{"line":1,"column":187}},"6":{"start":{"line":1,"column":187},"end":{"line":1,"column":377}},"7":{"start":{"line":1,"column":212},"end":{"line":1,"column":330}},"8":{"start":{"line":1,"column":229},"end":{"line":1,"column":330}},"9":{"start":{"line":1,"column":253},"end":{"line":1,"column":330}},"10":{"start":{"line":1,"column":281},"end":{"line":1,"column":330}},"11":{"start":{"line":1,"column":399},"end":{"line":1,"column":401}},"12":{"start":{"line":1,"column":402},"end":{"line":1,"column":638}},"13":{"start":{"line":1,"column":653},"end":{"line":1,"column":668}},"14":{"start":{"line":1,"column":661},"end":{"line":1,"column":668}},"15":{"start":{"line":1,"column":668},"end":{"line":1,"column":676}},"16":{"start":{"line":1,"column":684},"end":{"line":1,"column":688}},"17":{"start":{"line":1,"column":689},"end":{"line":1,"column":704}},"18":{"start":{"line":1,"column":718},"end":{"line":1,"column":2358}},"19":{"start":{"line":1,"column":2361},"end":{"line":1,"column":2372}},"20":{"start":{"line":1,"column":2393},"end":{"line":1,"column":2394}},"21":{"start":{"line":1,"column":2403},"end":{"line":1,"column":2439}},"22":{"start":{"line":1,"column":2407},"end":{"line":1,"column":2438}},"23":{"start":{"line":1,"column":2440},"end":{"line":1,"column":2483}},"24":{"start":{"line":1,"column":2471},"end":{"line":1,"column":2477}},"25":{"start":{"line":1,"column":2484},"end":{"line":17,"column":2}},"26":{"start":{"line":17,"column":2},"end":{"line":17,"column":40}}},"fnMap":{"0":{"name":"(anonymous_0)","decl":{"start":{"line":1,"column":1},"end":{"line":1,"column":9}},"loc":{"start":{"line":1,"column":11},"end":{"line":1,"column":706}}},"1":{"name":"(anonymous_1)","decl":{"start":{"line":1,"column":208},"end":{"line":1,"column":209}},"loc":{"start":{"line":1,"column":211},"end":{"line":1,"column":331}}},"2":{"name":"r","decl":{"start":{"line":1,"column":386},"end":{"line":1,"column":387}},"loc":{"start":{"line":1,"column":390},"end":{"line":1,"column":639}}},"3":{"name":"o","decl":{"start":{"line":1,"column":648},"end":{"line":1,"column":649}},"loc":{"start":{"line":1,"column":652},"end":{"line":1,"column":705}}},"4":{"name":"a","decl":{"start":{"line":1,"column":2382},"end":{"line":1,"column":2383}},"loc":{"start":{"line":1,"column":2386},"end":{"line":1,"column":2484}}},"5":{"name":"(anonymous_5)","decl":{"start":{"line":1,"column":2403},"end":{"line":1,"column":2404}},"loc":{"start":{"line":1,"column":2406},"end":{"line":1,"column":2439}}},"6":{"name":"(anonymous_6)","decl":{"start":{"line":1,"column":2467},"end":{"line":1,"column":2468}},"loc":{"start":{"line":1,"column":2471},"end":{"line":1,"column":2477}}}},"branchMap":{"0":{"loc":{"start":{"line":1,"column":59},"end":{"line":1,"column":112}},"type":"if","locations":[{"start":{"line":1,"column":59},"end":{"line":1,"column":112}},{"start":{"line":1,"column":59},"end":{"line":1,"column":112}}]},"1":{"loc":{"start":{"line":1,"column":62},"end":{"line":1,"column":104}},"type":"binary-expr","locations":[{"start":{"line":1,"column":62},"end":{"line":1,"column":63}},{"start":{"line":1,"column":65},"end":{"line":1,"column":75}},{"start":{"line":1,"column":77},"end":{"line":1,"column":104}}]},"2":{"loc":{"start":{"line":1,"column":229},"end":{"line":1,"column":330}},"type":"if","locations":[{"start":{"line":1,"column":229},"end":{"line":1,"column":330}},{"start":{"line":1,"column":229},"end":{"line":1,"column":330}}]},"3":{"loc":{"start":{"line":1,"column":281},"end":{"line":1,"column":330}},"type":"binary-expr","locations":[{"start":{"line":1,"column":281},"end":{"line":1,"column":299}},{"start":{"line":1,"column":301},"end":{"line":1,"column":324}},{"start":{"line":1,"column":326},"end":{"line":1,"column":330}}]},"4":{"loc":{"start":{"line":1,"column":409},"end":{"line":1,"column":447}},"type":"binary-expr","locations":[{"start":{"line":1,"column":409},"end":{"line":1,"column":420}},{"start":{"line":1,"column":423},"end":{"line":1,"column":446}}]},"5":{"loc":{"start":{"line":1,"column":448},"end":{"line":1,"column":501}},"type":"binary-expr","locations":[{"start":{"line":1,"column":448},"end":{"line":1,"column":464}},{"start":{"line":1,"column":467},"end":{"line":1,"column":500}}]},"6":{"loc":{"start":{"line":1,"column":502},"end":{"line":1,"column":636}},"type":"cond-expr","locations":[{"start":{"line":1,"column":536},"end":{"line":1,"column":559}},{"start":{"line":1,"column":560},"end":{"line":1,"column":636}}]},"7":{"loc":{"start":{"line":1,"column":560},"end":{"line":1,"column":636}},"type":"cond-expr","locations":[{"start":{"line":1,"column":588},"end":{"line":1,"column":608}},{"start":{"line":1,"column":609},"end":{"line":1,"column":636}}]},"8":{"loc":{"start":{"line":1,"column":653},"end":{"line":1,"column":668}},"type":"if","locations":[{"start":{"line":1,"column":653},"end":{"line":1,"column":668}},{"start":{"line":1,"column":653},"end":{"line":1,"column":668}}]}},"s":{"0":0,"1":0,"2":0,"3":0,"4":0,"5":0,"6":0,"7":0,"8":0,"9":0,"10":0,"11":0,"12":0,"13":0,"14":0,"15":0,"16":0,"17":0,"18":0,"19":0,"20":0,"21":0,"22":0,"23":0,"24":0,"25":0,"26":0},"f":{"0":0,"1":0,"2":0,"3":0,"4":0,"5":0,"6":0},"b":{"0":[0,0],"1":[0,0,0],"2":[0,0],"3":[0,0,0],"4":[0,0],"5":[0,0],"6":[0,0],"7":[0,0],"8":[0,0]}}
,"/home/mhmmdnrdn/DEVELOPER/WEB/vite-webtools/vitest/src/counter.ts": {"path":"/home/mhmmdnrdn/DEVELOPER/WEB/vite-webtools/vitest/src/counter.ts","statementMap":{"0":{"start":{"line":2,"column":16},"end":{"line":2,"column":null}},"1":{"start":{"line":3,"column":21},"end":{"line":6,"column":null}},"2":{"start":{"line":4,"column":4},"end":{"line":4,"column":null}},"3":{"start":{"line":5,"column":4},"end":{"line":5,"column":null}},"4":{"start":{"line":7,"column":2},"end":{"line":7,"column":null}},"5":{"start":{"line":7,"column":42},"end":{"line":7,"column":65}},"6":{"start":{"line":8,"column":2},"end":{"line":8,"column":null}}},"fnMap":{"0":{"name":"setupCounter","decl":{"start":{"line":1,"column":16},"end":{"line":1,"column":29}},"loc":{"start":{"line":1,"column":57},"end":{"line":9,"column":null}}},"1":{"name":"(anonymous_1)","decl":{"start":{"line":3,"column":21},"end":{"line":3,"column":22}},"loc":{"start":{"line":3,"column":40},"end":{"line":6,"column":null}}},"2":{"name":"(anonymous_2)","decl":{"start":{"line":7,"column":36},"end":{"line":7,"column":42}},"loc":{"start":{"line":7,"column":42},"end":{"line":7,"column":65}}}},"branchMap":{},"s":{"0":0,"1":0,"2":0,"3":0,"4":0,"5":0,"6":0},"f":{"0":0,"1":0,"2":0},"b":{}}
,"/home/mhmmdnrdn/DEVELOPER/WEB/vite-webtools/vitest/src/main.ts": {"path":"/home/mhmmdnrdn/DEVELOPER/WEB/vite-webtools/vitest/src/main.ts","statementMap":{"0":{"start":{"line":6,"column":0},"end":{"line":12,"column":null}},"1":{"start":{"line":24,"column":0},"end":{"line":24,"column":null}}},"fnMap":{},"branchMap":{},"s":{"0":0,"1":0},"f":{},"b":{}}
,"/home/mhmmdnrdn/DEVELOPER/WEB/vite-webtools/vitest/src/say-hello.ts": {"path":"/home/mhmmdnrdn/DEVELOPER/WEB/vite-webtools/vitest/src/say-hello.ts","statementMap":{"0":{"start":{"line":2,"column":2},"end":{"line":2,"column":null}}},"fnMap":{"0":{"name":"sayHello","decl":{"start":{"line":1,"column":16},"end":{"line":1,"column":25}},"loc":{"start":{"line":1,"column":47},"end":{"line":3,"column":null}}}},"branchMap":{},"s":{"0":1},"f":{"0":1},"b":{}}
}
